1000c971-ebc3-42a0-a0d8-b9a419f80222 bpinsard@nc20556.narval.calcul.quebec:/localscratch/bpinsard.2891221.0/fmriprep_studygamepad_sub06_ses002.job timestamp=1645132376.267657988s
1e500dbd-4384-4537-8cbb-d5a89f8ca33d bpinsard@nc20149.narval.calcul.quebec:/localscratch/bpinsard.2891217.0/fmriprep_studygamepad_sub03_ses005.job timestamp=1645133543.71267074s
2461b5a9-63f6-477a-ae35-ca9c5e6cf8d9 bpinsard@nc20554.narval.calcul.quebec:/localscratch/bpinsard.2891218.0/fmriprep_studygamepad_sub03_ses008.job timestamp=1645132956.3910679s
2dba0820-0833-4d12-8985-08f269357061 ria-sequoia-storage timestamp=1645044602.416575557s
3f784045-a251-4d68-aa68-f665bbd89ffa bpinsard@nc20133.narval.calcul.quebec:/localscratch/bpinsard.2824901.0/fmriprep_studygamepad_sub01_ses004.job timestamp=1645044585.323300558s
40a95c91-2df3-4ec8-a93e-1b001c0b4873 bpinsard@beluga1.int.ets1.calculquebec.ca:/lustre03/project/6003287/datasets/cneuromod_processed/fmriprep/gamepad timestamp=1634916328.468223577s
5a06cd97-8f8e-42e1-a51a-f24e62c4af9f bpinsard@elm.criugm.qc.ca:/scratch/tmp/conp_rel.processed/fmriprep/gamepad timestamp=1755803104s
6ea9875f-7db2-4c1d-af2f-92b538773eb3 bpinsard@bc12203.int.ets1.calculquebec.ca:/localscratch/bpinsard.34422357.0/fmriprep_studygamepad_sub01_ses009.job timestamp=1674828571.646615603s
85a8545a-ac16-46d2-88f8-052fe5243963 unfs3.cneuromod.gamepad.fmriprep timestamp=1669389172.963856779s
87ea76c1-2eee-4a77-afd7-66c902879a7b bpinsard@nc31133.narval.calcul.quebec:/localscratch/bpinsard.2885314.0/fmriprep_studygamepad_sub02_ses002.job timestamp=1645128846.629681422s
8ccb0457-3466-4ab5-aa40-bcdb98347484 bpinsard@nc10348.narval.calcul.quebec:/localscratch/bpinsard.2885433.0/fmriprep_studygamepad_sub02_ses005.job timestamp=1645129488.257522326s
9c1ec792-5b92-4d3f-83fb-b7c2094c7c47 ria-narval-storage timestamp=1639078566.128514208s
9fdc8374-4030-442a-a5f3-9a23b268d20c bpinsard@nc10933.narval.calcul.quebec:/localscratch/bpinsard.2885444.0/fmriprep_studygamepad_sub02_ses008.job timestamp=1645129999.752242751s
b6b7b665-6304-431c-b574-3331ca561b9a bpinsard@nc10418.narval.calcul.quebec:/localscratch/bpinsard.2891225.0/fmriprep_studygamepad_sub06_ses007.job timestamp=1645133248.063850607s
bba3d5e2-8f29-42b9-9888-14980abdbc64 bpinsard@nc20444.narval.calcul.quebec:/localscratch/bpinsard.2827314.0/fmriprep_studygamepad_sub01_ses006.job timestamp=1645045636.789578148s
bd587c5c-290c-41e6-9fc5-329323fc9c49 bpinsard@bc11830.int.ets1.calculquebec.ca:/localscratch/bpinsard.33000924.0/fmriprep_studygamepad_sub03_ses010.job timestamp=1669304585.017683802s
c1772340-6601-4cd9-a3b0-2aaa6f164af7 bpinsard@nc10324.narval.calcul.quebec:/localscratch/bpinsard.2885368.0/fmriprep_studygamepad_sub02_ses003.job timestamp=1645129199.046569236s
c4e6de68-6ca4-4366-bbfe-e13673785541 bpinsard@narval2.narval.calcul.quebec:/lustre07/scratch/bpinsard/cneuromod.processed/fmriprep/gamepad timestamp=1647653000.798393261s
d31cd84e-458e-49fd-b737-04480379ec43 bpinsard@nc10417.narval.calcul.quebec:/localscratch/bpinsard.2891224.0/fmriprep_studygamepad_sub06_ses006.job timestamp=1645132095.280323745s
dc3428fb-f3b8-46a0-a15f-f6a4c010cc21 conp-ria-storage timestamp=1755803503s
e801d857-e44e-4c10-89be-79503913a092 bpinsard@nc10412.narval.calcul.quebec:/localscratch/bpinsard.2891222.0/fmriprep_studygamepad_sub06_ses003.job timestamp=1645132665.052433882s
e93ab692-e1a8-4960-81f5-4d4bc2f9900b bpinsard@nc20138.narval.calcul.quebec:/localscratch/bpinsard.2891216.0/fmriprep_studygamepad_sub03_ses003.job timestamp=1645131812.044549562s
ec7347d4-d6b9-4c78-84c1-68e78386f284 bpinsard@nc30338.narval.calcul.quebec:/localscratch/bpinsard.2813371.0/fmriprep_studygamepad_sub01_ses001.job timestamp=1645032067.63455454s
f58c223d-de21-47f7-a4f4-e253559916f5 bpinsard@nc30348.narval.calcul.quebec:/localscratch/bpinsard.2866454.0/fmriprep_studygamepad_sub01_ses007.job timestamp=1645106836.715660961s
fa240610-e532-405b-a916-bdfd17259ce6 ria-beluga-storage timestamp=1645020655.655284595s
